ESC[0;33mW (1491219136) rust_esp32_std_amg8833::mqtt: mqtt topic_payload: "/grid_eye/king/bd6f6965fb2c412c9b15f81f1f6c187a"ESC[0m
ESC[0;32mI (1491219141) rust_esp32_std_amg8833: heat_map_display[cycle: 6578876]:
* * * * * * * * * * * * * * * * * * * * * * * * * * *
*                                                   *
*  21.25 21.25 20.75 21.25 20.25 20.25 20.50 20.75  *
*                                                   *
*  21.75 21.75 22.50 23.25 23.75 21.75 20.75 20.75  *
*                                                   *
*  21.75 22.25 25.00 25.75 26.25 22.50 20.75 21.50  *
*                                                   *
*  24.75 22.25 25.75 26.50 25.50 22.50 21.50 22.25  *
*                                                   *
*  23.25 21.75 23.25 25.00 25.25 23.50 22.75 22.75  *
*                                                   *
*  21.50 22.00 23.50 25.25 -0.00 26.50 23.75 23.75  *
*                                                   *
*  21.75 21.75 22.50 23.25 24.25 27.25 24.75 24.00  *
*                                                   *
*  21.75 22.00 22.00 22.50 22.25 23.50 23.50 23.75  *
*                                                   *
* * * * * * * * * * * * * * * * * * * * * * * * * * *
